c:\users\jione\desktop\강의\게임그래픽프로그래밍\실습(ood)\source\game\x64\debug\vc143.pdb
c:\users\jione\desktop\강의\게임그래픽프로그래밍\실습(ood)\source\game\x64\debug\vc143.idb
c:\users\jione\desktop\강의\게임그래픽프로그래밍\실습(ood)\source\game\x64\debug\main.obj
c:\users\jione\desktop\강의\게임그래픽프로그래밍\실습(ood)\source\game\x64\debug\rotatingpointlight.obj
c:\users\jione\desktop\강의\게임그래픽프로그래밍\실습(ood)\source\game\x64\debug\rotatingcube.obj
c:\users\jione\desktop\강의\게임그래픽프로그래밍\실습(ood)\source\game\x64\debug\cube.obj
c:\users\jione\desktop\강의\게임그래픽프로그래밍\실습(ood)\source\game\x64\debug\basecube.obj
c:\users\jione\desktop\강의\게임그래픽프로그래밍\실습(ood)\build\x64\debug\ps.cso
c:\users\jione\desktop\강의\게임그래픽프로그래밍\실습(ood)\build\x64\debug\pssolid.cso
c:\users\jione\desktop\강의\게임그래픽프로그래밍\실습(ood)\build\x64\debug\shader.cso
c:\users\jione\desktop\강의\게임그래픽프로그래밍\실습(ood)\build\x64\debug\vs.cso
c:\users\jione\desktop\강의\게임그래픽프로그래밍\실습(ood)\build\x64\debug\game.pdb
c:\users\jione\desktop\강의\게임그래픽프로그래밍\실습(ood)\source\game\x64\debug\game.tlog\cl.command.1.tlog
c:\users\jione\desktop\강의\게임그래픽프로그래밍\실습(ood)\source\game\x64\debug\game.tlog\cl.read.1.tlog
c:\users\jione\desktop\강의\게임그래픽프로그래밍\실습(ood)\source\game\x64\debug\game.tlog\cl.write.1.tlog
c:\users\jione\desktop\강의\게임그래픽프로그래밍\실습(ood)\source\game\x64\debug\game.tlog\fxc.command.1.tlog
c:\users\jione\desktop\강의\게임그래픽프로그래밍\실습(ood)\source\game\x64\debug\game.tlog\fxc.read.1.tlog
c:\users\jione\desktop\강의\게임그래픽프로그래밍\실습(ood)\source\game\x64\debug\game.tlog\fxc.write.1.tlog
c:\users\jione\desktop\강의\게임그래픽프로그래밍\실습(ood)\source\game\x64\debug\game.tlog\link.command.1.tlog
c:\users\jione\desktop\강의\게임그래픽프로그래밍\실습(ood)\source\game\x64\debug\game.tlog\link.read.1.tlog
c:\users\jione\desktop\강의\게임그래픽프로그래밍\실습(ood)\source\game\x64\debug\game.tlog\link.write.1.tlog
