c:\users\jione\desktop\강의\게임그래픽프로그래밍\실습(ood)\build\x64\debug\libraryd.pdb
c:\users\jione\desktop\강의\게임그래픽프로그래밍\실습(ood)\build\x64\debug\libraryd.idb
c:\users\jione\desktop\강의\게임그래픽프로그래밍\실습(ood)\source\library\x64\debug\mainwindow.obj
c:\users\jione\desktop\강의\게임그래픽프로그래밍\실습(ood)\source\library\x64\debug\wictextureloader.obj
c:\users\jione\desktop\강의\게임그래픽프로그래밍\실습(ood)\source\library\x64\debug\texture.obj
c:\users\jione\desktop\강의\게임그래픽프로그래밍\실습(ood)\source\library\x64\debug\ddstextureloader11.obj
c:\users\jione\desktop\강의\게임그래픽프로그래밍\실습(ood)\source\library\x64\debug\vertexshader.obj
c:\users\jione\desktop\강의\게임그래픽프로그래밍\실습(ood)\source\library\x64\debug\shader.obj
c:\users\jione\desktop\강의\게임그래픽프로그래밍\실습(ood)\source\library\x64\debug\pixelshader.obj
c:\users\jione\desktop\강의\게임그래픽프로그래밍\실습(ood)\source\library\x64\debug\renderer.obj
c:\users\jione\desktop\강의\게임그래픽프로그래밍\실습(ood)\source\library\x64\debug\renderable.obj
c:\users\jione\desktop\강의\게임그래픽프로그래밍\실습(ood)\source\library\x64\debug\model.obj
c:\users\jione\desktop\강의\게임그래픽프로그래밍\실습(ood)\source\library\x64\debug\pointlight.obj
c:\users\jione\desktop\강의\게임그래픽프로그래밍\실습(ood)\source\library\x64\debug\game.obj
c:\users\jione\desktop\강의\게임그래픽프로그래밍\실습(ood)\source\library\x64\debug\camera.obj
c:\users\jione\desktop\강의\게임그래픽프로그래밍\실습(ood)\build\x64\debug\libraryd.lib
c:\users\jione\desktop\강의\게임그래픽프로그래밍\실습(ood)\source\library\x64\debug\library.tlog\cl.command.1.tlog
c:\users\jione\desktop\강의\게임그래픽프로그래밍\실습(ood)\source\library\x64\debug\library.tlog\cl.read.1.tlog
c:\users\jione\desktop\강의\게임그래픽프로그래밍\실습(ood)\source\library\x64\debug\library.tlog\cl.write.1.tlog
c:\users\jione\desktop\강의\게임그래픽프로그래밍\실습(ood)\source\library\x64\debug\library.tlog\lib-link.read.1.tlog
c:\users\jione\desktop\강의\게임그래픽프로그래밍\실습(ood)\source\library\x64\debug\library.tlog\lib-link.write.1.tlog
c:\users\jione\desktop\강의\게임그래픽프로그래밍\실습(ood)\source\library\x64\debug\library.tlog\lib.command.1.tlog
